Determining if the pthread_create exist failed with the following output:
Change Dir: /home/jz/code/pcd_save/build/CMakeFiles/CMakeTmp

Run Build Command:"/usr/bin/make" "cmTC_b26fa/fast"
/usr/bin/make -f CMakeFiles/cmTC_b26fa.dir/build.make CMakeFiles/cmTC_b26fa.dir/build
make[1]: Entering directory '/home/jz/code/pcd_save/build/CMakeFiles/CMakeTmp'
Building C object CMakeFiles/cmTC_b26fa.dir/CheckSymbolExists.c.o
/usr/bin/cc    -o CMakeFiles/cmTC_b26fa.dir/CheckSymbolExists.c.o   -c /home/jz/code/pcd_save/build/CMakeFiles/CMakeTmp/CheckSymbolExists.c
Linking C executable cmTC_b26fa
/usr/local/bin/cmake -E cmake_link_script CMakeFiles/cmTC_b26fa.dir/link.txt --verbose=1
/usr/bin/cc      -rdynamic CMakeFiles/cmTC_b26fa.dir/CheckSymbolExists.c.o  -o cmTC_b26fa 
CMakeFiles/cmTC_b26fa.dir/CheckSymbolExists.c.o: In function `main':
CheckSymbolExists.c:(.text+0x16): undefined reference to `pthread_create'
collect2: error: ld returned 1 exit status
CMakeFiles/cmTC_b26fa.dir/build.make:86: recipe for target 'cmTC_b26fa' failed
make[1]: *** [cmTC_b26fa] Error 1
make[1]: Leaving directory '/home/jz/code/pcd_save/build/CMakeFiles/CMakeTmp'
Makefile:126: recipe for target 'cmTC_b26fa/fast' failed
make: *** [cmTC_b26fa/fast] Error 2

File /home/jz/code/pcd_save/build/CMakeFiles/CMakeTmp/CheckSymbolExists.c:
/* */
#include <pthread.h>

int main(int argc, char** argv)
{
  (void)argv;
#ifndef pthread_create
  return ((int*)(&pthread_create))[argc];
#else
  (void)argc;
  return 0;
#endif
}

Determining if the function pthread_create exists in the pthreads failed with the following output:
Change Dir: /home/jz/code/pcd_save/build/CMakeFiles/CMakeTmp

Run Build Command:"/usr/bin/make" "cmTC_a0e00/fast"
/usr/bin/make -f CMakeFiles/cmTC_a0e00.dir/build.make CMakeFiles/cmTC_a0e00.dir/build
make[1]: Entering directory '/home/jz/code/pcd_save/build/CMakeFiles/CMakeTmp'
Building C object CMakeFiles/cmTC_a0e00.dir/CheckFunctionExists.c.o
/usr/bin/cc   -DCHECK_FUNCTION_EXISTS=pthread_create   -o CMakeFiles/cmTC_a0e00.dir/CheckFunctionExists.c.o   -c /usr/local/share/cmake-3.11/Modules/CheckFunctionExists.c
Linking C executable cmTC_a0e00
/usr/local/bin/cmake -E cmake_link_script CMakeFiles/cmTC_a0e00.dir/link.txt --verbose=1
/usr/bin/cc  -DCHECK_FUNCTION_EXISTS=pthread_create    -rdynamic CMakeFiles/cmTC_a0e00.dir/CheckFunctionExists.c.o  -o cmTC_a0e00 -lpthreads 
/usr/bin/ld: cannot find -lpthreads
collect2: error: ld returned 1 exit status
CMakeFiles/cmTC_a0e00.dir/build.make:86: recipe for target 'cmTC_a0e00' failed
make[1]: *** [cmTC_a0e00] Error 1
make[1]: Leaving directory '/home/jz/code/pcd_save/build/CMakeFiles/CMakeTmp'
Makefile:126: recipe for target 'cmTC_a0e00/fast' failed
make: *** [cmTC_a0e00/fast] Error 2


